0 info it worked if it ends with ok
1 verbose cli [ 'C:\\Program Files\\nodejs\\node.exe',
1 verbose cli   'C:\\Program Files\\nodejs\\node_modules\\npm\\bin\\npm-cli.js',
1 verbose cli   'i',
1 verbose cli   '-g',
1 verbose cli   'nodemon' ]
2 info using npm@3.10.10
3 info using node@v6.11.1
4 silly loadCurrentTree Starting
5 silly install loadCurrentTree
6 silly install readGlobalPackageData
7 silly fetchPackageMetaData nodemon
8 silly fetchNamedPackageData nodemon
9 silly mapToRegistry name nodemon
10 silly mapToRegistry using default registry
11 silly mapToRegistry registry https://registry.npmjs.org/
12 silly mapToRegistry data Result {
12 silly mapToRegistry   raw: 'nodemon',
12 silly mapToRegistry   scope: null,
12 silly mapToRegistry   escapedName: 'nodemon',
12 silly mapToRegistry   name: 'nodemon',
12 silly mapToRegistry   rawSpec: '',
12 silly mapToRegistry   spec: 'latest',
12 silly mapToRegistry   type: 'tag' }
13 silly mapToRegistry uri https://registry.npmjs.org/nodemon
14 verbose request uri https://registry.npmjs.org/nodemon
15 verbose request no auth needed
16 info attempt registry request try #1 at 7:54:53 AM
17 verbose request id de7afcb8527346ab
18 verbose etag "5a86187c-45099"
19 verbose lastModified Thu, 15 Feb 2018 23:32:12 GMT
20 http request GET https://registry.npmjs.org/nodemon
21 info retry will retry, error on last attempt: Error: getaddrinfo ENOTFOUND registry.npmjs.org registry.npmjs.org:443
22 info attempt registry request try #2 at 7:55:14 AM
23 verbose etag "5a86187c-45099"
24 verbose lastModified Thu, 15 Feb 2018 23:32:12 GMT
25 http request GET https://registry.npmjs.org/nodemon
26 http 200 https://registry.npmjs.org/nodemon
27 verbose headers { 'content-type': 'application/json; charset=UTF-8',
27 verbose headers   server: 'UploadServer',
27 verbose headers   'cache-control': 'max-age=300',
27 verbose headers   'last-modified': 'Tue, 13 Mar 2018 21:51:44 GMT',
27 verbose headers   etag: '"5aa847f0-51678"',
27 verbose headers   'x-npm-region': 'EU-West',
27 verbose headers   'content-encoding': 'gzip',
27 verbose headers   'content-length': '36290',
27 verbose headers   'accept-ranges': 'bytes',
27 verbose headers   date: 'Wed, 14 Mar 2018 05:55:17 GMT',
27 verbose headers   via: '1.1 varnish',
27 verbose headers   age: '0',
27 verbose headers   connection: 'keep-alive',
27 verbose headers   'x-served-by': 'cache-lhr6323-LHR',
27 verbose headers   'x-cache': 'MISS',
27 verbose headers   'x-cache-hits': '0',
27 verbose headers   'x-timer': 'S1521006917.946050,VS0,VE225',
27 verbose headers   vary: 'Accept-Encoding, Accept' }
28 silly get cb [ 200,
28 silly get   { 'content-type': 'application/json; charset=UTF-8',
28 silly get     server: 'UploadServer',
28 silly get     'cache-control': 'max-age=300',
28 silly get     'last-modified': 'Tue, 13 Mar 2018 21:51:44 GMT',
28 silly get     etag: '"5aa847f0-51678"',
28 silly get     'x-npm-region': 'EU-West',
28 silly get     'content-encoding': 'gzip',
28 silly get     'content-length': '36290',
28 silly get     'accept-ranges': 'bytes',
28 silly get     date: 'Wed, 14 Mar 2018 05:55:17 GMT',
28 silly get     via: '1.1 varnish',
28 silly get     age: '0',
28 silly get     connection: 'keep-alive',
28 silly get     'x-served-by': 'cache-lhr6323-LHR',
28 silly get     'x-cache': 'MISS',
28 silly get     'x-cache-hits': '0',
28 silly get     'x-timer': 'S1521006917.946050,VS0,VE225',
28 silly get     vary: 'Accept-Encoding, Accept' } ]
29 verbose get saving nodemon to C:\Users\Ricchard\AppData\Roaming\npm-cache\registry.npmjs.org\nodemon\.cache.json
30 verbose correctMkdir C:\Users\Ricchard\AppData\Roaming\npm-cache correctMkdir not in flight; initializing
31 silly install normalizeTree
32 silly loadCurrentTree Finishing
33 silly loadIdealTree Starting
34 silly install loadIdealTree
35 silly cloneCurrentTree Starting
36 silly install cloneCurrentTreeToIdealTree
37 silly cloneCurrentTree Finishing
38 silly loadShrinkwrap Starting
39 silly install loadShrinkwrap
40 silly loadShrinkwrap Finishing
41 silly loadAllDepsIntoIdealTree Starting
42 silly install loadAllDepsIntoIdealTree
43 silly resolveWithNewModule nodemon@1.17.2 checking installable status
44 silly cache add args [ 'nodemon', null ]
45 verbose cache add spec nodemon
46 silly cache add parsed spec Result {
46 silly cache add   raw: 'nodemon',
46 silly cache add   scope: null,
46 silly cache add   escapedName: 'nodemon',
46 silly cache add   name: 'nodemon',
46 silly cache add   rawSpec: '',
46 silly cache add   spec: 'latest',
46 silly cache add   type: 'tag' }
47 silly addNamed nodemon@latest
48 verbose addNamed "latest" is being treated as a dist-tag for nodemon
49 info addNameTag [ 'nodemon', 'latest' ]
50 silly mapToRegistry name nodemon
51 silly mapToRegistry using default registry
52 silly mapToRegistry registry https://registry.npmjs.org/
53 silly mapToRegistry data Result {
53 silly mapToRegistry   raw: 'nodemon',
53 silly mapToRegistry   scope: null,
53 silly mapToRegistry   escapedName: 'nodemon',
53 silly mapToRegistry   name: 'nodemon',
53 silly mapToRegistry   rawSpec: '',
53 silly mapToRegistry   spec: 'latest',
53 silly mapToRegistry   type: 'tag' }
54 silly mapToRegistry uri https://registry.npmjs.org/nodemon
55 verbose addNameTag registry:https://registry.npmjs.org/nodemon not in flight; fetching
56 verbose get https://registry.npmjs.org/nodemon not expired, no request
57 silly addNameTag next cb for nodemon with tag latest
58 silly addNamed nodemon@1.17.2
59 verbose addNamed "1.17.2" is a plain semver version for nodemon
60 silly mapToRegistry name nodemon
61 silly mapToRegistry using default registry
62 silly mapToRegistry registry https://registry.npmjs.org/
63 silly mapToRegistry data Result {
63 silly mapToRegistry   raw: 'nodemon',
63 silly mapToRegistry   scope: null,
63 silly mapToRegistry   escapedName: 'nodemon',
63 silly mapToRegistry   name: 'nodemon',
63 silly mapToRegistry   rawSpec: '',
63 silly mapToRegistry   spec: 'latest',
63 silly mapToRegistry   type: 'tag' }
64 silly mapToRegistry uri https://registry.npmjs.org/nodemon
65 verbose addRemoteTarball https://registry.npmjs.org/nodemon/-/nodemon-1.17.2.tgz not in flight; adding
66 verbose addRemoteTarball [ 'https://registry.npmjs.org/nodemon/-/nodemon-1.17.2.tgz',
66 verbose addRemoteTarball   '17c0062629610e03dd01241c576f1c4068da9fdd' ]
67 info retry fetch attempt 1 at 7:55:23 AM
68 info attempt registry request try #1 at 7:55:23 AM
69 http fetch GET https://registry.npmjs.org/nodemon/-/nodemon-1.17.2.tgz
70 http fetch 200 https://registry.npmjs.org/nodemon/-/nodemon-1.17.2.tgz
71 info retry will retry, error on last attempt: Error: read ECONNRESET
72 silly fetchAndShaCheck shasum 17c0062629610e03dd01241c576f1c4068da9fdd
73 silly rollbackFailedOptional Starting
74 silly rollbackFailedOptional Finishing
75 silly runTopLevelLifecycles Finishing
76 silly install printInstalled
77 verbose stack Error: shasum check failed for C:\Users\Ricchard\AppData\Local\Temp\npm-6560-6ddf1231\registry.npmjs.org\nodemon\-\nodemon-1.17.2.tgz
77 verbose stack Expected: 17c0062629610e03dd01241c576f1c4068da9fdd
77 verbose stack Actual:   9cae75577fd731f52cfea275d7d18e004bf03080
77 verbose stack From:     https://registry.npmjs.org/nodemon/-/nodemon-1.17.2.tgz
77 verbose stack     at C:\Program Files\nodejs\node_modules\npm\node_modules\sha\index.js:25:8
77 verbose stack     at ReadStream.<anonymous> (C:\Program Files\nodejs\node_modules\npm\node_modules\sha\index.js:72:7)
77 verbose stack     at emitNone (events.js:91:20)
77 verbose stack     at ReadStream.emit (events.js:185:7)
77 verbose stack     at endReadableNT (_stream_readable.js:974:12)
77 verbose stack     at _combinedTickCallback (internal/process/next_tick.js:80:11)
77 verbose stack     at process._tickCallback (internal/process/next_tick.js:104:9)
78 verbose cwd C:\Projects\Mobile\e-tutor\final_cms\api
79 error Windows_NT 10.0.17115
80 error argv "C:\\Program Files\\nodejs\\node.exe" "C:\\Program Files\\nodejs\\node_modules\\npm\\bin\\npm-cli.js" "i" "-g" "nodemon"
81 error node v6.11.1
82 error npm  v3.10.10
83 error shasum check failed for C:\Users\Ricchard\AppData\Local\Temp\npm-6560-6ddf1231\registry.npmjs.org\nodemon\-\nodemon-1.17.2.tgz
83 error Expected: 17c0062629610e03dd01241c576f1c4068da9fdd
83 error Actual:   9cae75577fd731f52cfea275d7d18e004bf03080
83 error From:     https://registry.npmjs.org/nodemon/-/nodemon-1.17.2.tgz
84 error If you need help, you may report this error at:
84 error     <https://github.com/npm/npm/issues>
85 verbose exit [ 1, true ]
